{
  "0 debug pnpm:scope": {
    "selected": 1
  },
  "1 info pnpm": {
    "err": {
      "name": "Error",
      "message": "not found: dev",
      "code": "ENOENT",
      "stack": "Error: not found: dev\n    at getNotFoundError (C:\\Program Files\\nodejs\\node_modules\\pnpm\\dist\\pnpm.cjs:41440:51)\n    at Function.whichSync [as sync] (C:\\Program Files\\nodejs\\node_modules\\pnpm\\dist\\pnpm.cjs:41517:13)\n    at getCommandAbsolutePathSync (C:\\Program Files\\nodejs\\node_modules\\pnpm\\dist\\pnpm.cjs:43082:44)\n    at default_1 (C:\\Program Files\\nodejs\\node_modules\\pnpm\\dist\\pnpm.cjs:43091:32)\n    at C:\\Program Files\\nodejs\\node_modules\\pnpm\\dist\\pnpm.cjs:179675:39"
    }
  },
  "2 error pnpm": {
    "code": "ERR_PNPM_RECURSIVE_EXEC_FIRST_FAIL",
    "prefix": "C:\\Users\\Justin P",
    "err": {
      "name": "pnpm",
      "message": "not found: dev",
      "code": "ERR_PNPM_RECURSIVE_EXEC_FIRST_FAIL",
      "stack": "Error: not found: dev\n    at getNotFoundError (C:\\Program Files\\nodejs\\node_modules\\pnpm\\dist\\pnpm.cjs:41440:51)\n    at Function.whichSync [as sync] (C:\\Program Files\\nodejs\\node_modules\\pnpm\\dist\\pnpm.cjs:41517:13)\n    at getCommandAbsolutePathSync (C:\\Program Files\\nodejs\\node_modules\\pnpm\\dist\\pnpm.cjs:43082:44)\n    at default_1 (C:\\Program Files\\nodejs\\node_modules\\pnpm\\dist\\pnpm.cjs:43091:32)\n    at C:\\Program Files\\nodejs\\node_modules\\pnpm\\dist\\pnpm.cjs:179675:39"
    }
  }
}